2020-11-23T23:36:05+00:00 CRITICAL Uncaught Error: Call to a member function get_name() on null in C:\laragon\www\drop\wp-content\plugins\divi-bodycommerce\includes\modules\et_pb_db_product_title\et_pb_db_product_title.php:196
Stack trace:
#0 C:\laragon\www\drop\wp-content\themes\Divi\includes\builder\class-et-builder-element.php(3036): db_product_title_code->render(Array, '', 'et_pb_db_produc...', '', '', '', '')
#1 C:\laragon\www\drop\wp-includes\shortcodes.php(343): ET_Builder_Element->_render(Array, '', 'et_pb_db_produc...')
#2 [internal function]: do_shortcode_tag(Array)
#3 C:\laragon\www\drop\wp-includes\shortcodes.php(218): preg_replace_callback('/\\[(\\[?)(et_pb_...', 'do_shortcode_ta...', '[et_pb_db_produ...')
#4 C:\laragon\www\drop\wp-content\themes\Divi\includes\builder\main-structure-elements.php(3062): do_shortcode('[et_pb_db_produ...')
#5 C:\laragon\www\drop\wp-content\themes\Divi\includes\builder\class-et-builder-element.php(3036): ET_Builder_Column->render(Array, '[et_pb_db_produ...', 'et_pb_column', '', '', '', '')
#6 C:\larag en C:\laragon\www\drop\wp-content\plugins\divi-bodycommerce\includes\modules\et_pb_db_product_title\et_pb_db_product_title.php en la línea 196

2020-11-23T23:39:18+00:00 CRITICAL Uncaught Error: Call to undefined method WP_Post::get_id() in C:\laragon\www\drop\wp-content\plugins\divi-bodycommerce\includes\modules\et_pb_db_shop_thumbnail\et_pb_db_shop_thumbnail.php:204
Stack trace:
#0 C:\laragon\www\drop\wp-content\themes\Divi\includes\builder\functions.php(1619): db_shop_thumbnail_code::get_thumbnail(Array, Array, Array)
#1 C:\laragon\www\drop\wp-includes\class-wp-hook.php(287): et_pb_process_computed_property('')
#2 C:\laragon\www\drop\wp-includes\class-wp-hook.php(311): WP_Hook->apply_filters('', Array)
#3 C:\laragon\www\drop\wp-includes\plugin.php(478): WP_Hook->do_action(Array)
#4 C:\laragon\www\drop\wp-admin\admin-ajax.php(176): do_action('wp_ajax_et_pb_p...')
#5 {main}
  thrown en C:\laragon\www\drop\wp-content\plugins\divi-bodycommerce\includes\modules\et_pb_db_shop_thumbnail\et_pb_db_shop_thumbnail.php en la línea 204

2020-11-23T23:39:37+00:00 CRITICAL Uncaught Error: Call to a member function get_name() on null in C:\laragon\www\drop\wp-content\plugins\divi-bodycommerce\includes\modules\et_pb_db_product_title\et_pb_db_product_title.php:196
Stack trace:
#0 C:\laragon\www\drop\wp-content\themes\Divi\includes\builder\class-et-builder-element.php(3036): db_product_title_code->render(Array, '', 'et_pb_db_produc...', '', '', '', '')
#1 C:\laragon\www\drop\wp-includes\shortcodes.php(343): ET_Builder_Element->_render(Array, '', 'et_pb_db_produc...')
#2 [internal function]: do_shortcode_tag(Array)
#3 C:\laragon\www\drop\wp-includes\shortcodes.php(218): preg_replace_callback('/\\[(\\[?)(et_pb_...', 'do_shortcode_ta...', '[et_pb_db_produ...')
#4 C:\laragon\www\drop\wp-content\themes\Divi\includes\builder\main-structure-elements.php(3062): do_shortcode('[et_pb_db_produ...')
#5 C:\laragon\www\drop\wp-content\themes\Divi\includes\builder\class-et-builder-element.php(3036): ET_Builder_Column->render(Array, '[et_pb_db_produ...', 'et_pb_column', '', '', '', '')
#6 C:\larag en C:\laragon\www\drop\wp-content\plugins\divi-bodycommerce\includes\modules\et_pb_db_product_title\et_pb_db_product_title.php en la línea 196

2020-11-23T23:39:40+00:00 CRITICAL Uncaught Error: Call to undefined method WP_Post::get_id() in C:\laragon\www\drop\wp-content\plugins\divi-bodycommerce\includes\modules\et_pb_db_shop_thumbnail\et_pb_db_shop_thumbnail.php:204
Stack trace:
#0 C:\laragon\www\drop\wp-content\themes\Divi\includes\builder\functions.php(1619): db_shop_thumbnail_code::get_thumbnail(Array, Array, Array)
#1 C:\laragon\www\drop\wp-includes\class-wp-hook.php(287): et_pb_process_computed_property('')
#2 C:\laragon\www\drop\wp-includes\class-wp-hook.php(311): WP_Hook->apply_filters('', Array)
#3 C:\laragon\www\drop\wp-includes\plugin.php(478): WP_Hook->do_action(Array)
#4 C:\laragon\www\drop\wp-admin\admin-ajax.php(176): do_action('wp_ajax_et_pb_p...')
#5 {main}
  thrown en C:\laragon\www\drop\wp-content\plugins\divi-bodycommerce\includes\modules\et_pb_db_shop_thumbnail\et_pb_db_shop_thumbnail.php en la línea 204

2020-11-23T23:40:23+00:00 CRITICAL Uncaught Error: Call to undefined method WP_Post::get_id() in C:\laragon\www\drop\wp-content\plugins\divi-bodycommerce\includes\modules\et_pb_db_shop_thumbnail\et_pb_db_shop_thumbnail.php:204
Stack trace:
#0 C:\laragon\www\drop\wp-content\themes\Divi\includes\builder\functions.php(1619): db_shop_thumbnail_code::get_thumbnail(Array, Array, Array)
#1 C:\laragon\www\drop\wp-includes\class-wp-hook.php(287): et_pb_process_computed_property('')
#2 C:\laragon\www\drop\wp-includes\class-wp-hook.php(311): WP_Hook->apply_filters('', Array)
#3 C:\laragon\www\drop\wp-includes\plugin.php(478): WP_Hook->do_action(Array)
#4 C:\laragon\www\drop\wp-admin\admin-ajax.php(176): do_action('wp_ajax_et_pb_p...')
#5 {main}
  thrown en C:\laragon\www\drop\wp-content\plugins\divi-bodycommerce\includes\modules\et_pb_db_shop_thumbnail\et_pb_db_shop_thumbnail.php en la línea 204

2020-11-23T23:40:51+00:00 CRITICAL Uncaught Error: Call to a member function get_id() on null in C:\laragon\www\drop\wp-content\plugins\divi-bodycommerce\includes\modules\et_pb_db_shop_thumbnail\et_pb_db_shop_thumbnail.php:367
Stack trace:
#0 C:\laragon\www\drop\wp-content\themes\Divi\includes\builder\class-et-builder-element.php(3036): db_shop_thumbnail_code->render(Array, '', 'et_pb_db_shop_t...', '', '', '', '')
#1 C:\laragon\www\drop\wp-includes\shortcodes.php(343): ET_Builder_Element->_render(Array, '', 'et_pb_db_shop_t...')
#2 [internal function]: do_shortcode_tag(Array)
#3 C:\laragon\www\drop\wp-includes\shortcodes.php(218): preg_replace_callback('/\\[(\\[?)(et_pb_...', 'do_shortcode_ta...', '[et_pb_db_shop_...')
#4 C:\laragon\www\drop\wp-content\themes\Divi\includes\builder\main-structure-elements.php(3062): do_shortcode('[et_pb_db_shop_...')
#5 C:\laragon\www\drop\wp-content\themes\Divi\includes\builder\class-et-builder-element.php(3036): ET_Builder_Column->render(Array, '[et_pb_db_shop_...', 'et_pb_column', '', '', '', '')
#6 C:\lara en C:\laragon\www\drop\wp-content\plugins\divi-bodycommerce\includes\modules\et_pb_db_shop_thumbnail\et_pb_db_shop_thumbnail.php en la línea 367

2020-11-23T23:46:49+00:00 CRITICAL Uncaught Error: Call to undefined method WP_Post::get_id() in C:\laragon\www\drop\wp-content\plugins\divi-bodycommerce\includes\modules\et_pb_db_shop_thumbnail\et_pb_db_shop_thumbnail.php:204
Stack trace:
#0 C:\laragon\www\drop\wp-content\themes\Divi\includes\builder\functions.php(1619): db_shop_thumbnail_code::get_thumbnail(Array, Array, Array)
#1 C:\laragon\www\drop\wp-includes\class-wp-hook.php(287): et_pb_process_computed_property('')
#2 C:\laragon\www\drop\wp-includes\class-wp-hook.php(311): WP_Hook->apply_filters('', Array)
#3 C:\laragon\www\drop\wp-includes\plugin.php(478): WP_Hook->do_action(Array)
#4 C:\laragon\www\drop\wp-admin\admin-ajax.php(176): do_action('wp_ajax_et_pb_p...')
#5 {main}
  thrown en C:\laragon\www\drop\wp-content\plugins\divi-bodycommerce\includes\modules\et_pb_db_shop_thumbnail\et_pb_db_shop_thumbnail.php en la línea 204

2020-11-23T23:48:38+00:00 CRITICAL Uncaught Error: Call to undefined method WP_Post::get_id() in C:\laragon\www\drop\wp-content\plugins\divi-bodycommerce\includes\modules\et_pb_db_shop_thumbnail\et_pb_db_shop_thumbnail.php:204
Stack trace:
#0 C:\laragon\www\drop\wp-content\themes\Divi\includes\builder\functions.php(1619): db_shop_thumbnail_code::get_thumbnail(Array, Array, Array)
#1 C:\laragon\www\drop\wp-includes\class-wp-hook.php(287): et_pb_process_computed_property('')
#2 C:\laragon\www\drop\wp-includes\class-wp-hook.php(311): WP_Hook->apply_filters('', Array)
#3 C:\laragon\www\drop\wp-includes\plugin.php(478): WP_Hook->do_action(Array)
#4 C:\laragon\www\drop\wp-admin\admin-ajax.php(176): do_action('wp_ajax_et_pb_p...')
#5 {main}
  thrown en C:\laragon\www\drop\wp-content\plugins\divi-bodycommerce\includes\modules\et_pb_db_shop_thumbnail\et_pb_db_shop_thumbnail.php en la línea 204

2020-11-23T23:48:59+00:00 CRITICAL Uncaught Error: Call to undefined method WP_Post::get_id() in C:\laragon\www\drop\wp-content\plugins\divi-bodycommerce\includes\modules\et_pb_db_shop_thumbnail\et_pb_db_shop_thumbnail.php:204
Stack trace:
#0 C:\laragon\www\drop\wp-content\themes\Divi\includes\builder\functions.php(1619): db_shop_thumbnail_code::get_thumbnail(Array, Array, Array)
#1 C:\laragon\www\drop\wp-includes\class-wp-hook.php(287): et_pb_process_computed_property('')
#2 C:\laragon\www\drop\wp-includes\class-wp-hook.php(311): WP_Hook->apply_filters('', Array)
#3 C:\laragon\www\drop\wp-includes\plugin.php(478): WP_Hook->do_action(Array)
#4 C:\laragon\www\drop\wp-admin\admin-ajax.php(176): do_action('wp_ajax_et_pb_p...')
#5 {main}
  thrown en C:\laragon\www\drop\wp-content\plugins\divi-bodycommerce\includes\modules\et_pb_db_shop_thumbnail\et_pb_db_shop_thumbnail.php en la línea 204

2020-11-23T23:55:57+00:00 CRITICAL Uncaught Error: Call to undefined method WP_Post::get_id() in C:\laragon\www\drop\wp-content\plugins\divi-bodycommerce\includes\modules\et_pb_db_shop_thumbnail\et_pb_db_shop_thumbnail.php:204
Stack trace:
#0 C:\laragon\www\drop\wp-content\themes\Divi\includes\builder\functions.php(1619): db_shop_thumbnail_code::get_thumbnail(Array, Array, Array)
#1 C:\laragon\www\drop\wp-includes\class-wp-hook.php(287): et_pb_process_computed_property('')
#2 C:\laragon\www\drop\wp-includes\class-wp-hook.php(311): WP_Hook->apply_filters('', Array)
#3 C:\laragon\www\drop\wp-includes\plugin.php(478): WP_Hook->do_action(Array)
#4 C:\laragon\www\drop\wp-admin\admin-ajax.php(176): do_action('wp_ajax_et_pb_p...')
#5 {main}
  thrown en C:\laragon\www\drop\wp-content\plugins\divi-bodycommerce\includes\modules\et_pb_db_shop_thumbnail\et_pb_db_shop_thumbnail.php en la línea 204

2020-11-23T23:57:48+00:00 CRITICAL Uncaught Error: Call to undefined method WP_Post::get_id() in C:\laragon\www\drop\wp-content\plugins\divi-bodycommerce\includes\modules\et_pb_db_shop_thumbnail\et_pb_db_shop_thumbnail.php:204
Stack trace:
#0 C:\laragon\www\drop\wp-content\themes\Divi\includes\builder\functions.php(1619): db_shop_thumbnail_code::get_thumbnail(Array, Array, Array)
#1 C:\laragon\www\drop\wp-includes\class-wp-hook.php(287): et_pb_process_computed_property('')
#2 C:\laragon\www\drop\wp-includes\class-wp-hook.php(311): WP_Hook->apply_filters('', Array)
#3 C:\laragon\www\drop\wp-includes\plugin.php(478): WP_Hook->do_action(Array)
#4 C:\laragon\www\drop\wp-admin\admin-ajax.php(176): do_action('wp_ajax_et_pb_p...')
#5 {main}
  thrown en C:\laragon\www\drop\wp-content\plugins\divi-bodycommerce\includes\modules\et_pb_db_shop_thumbnail\et_pb_db_shop_thumbnail.php en la línea 204

2020-11-23T23:59:56+00:00 CRITICAL Uncaught Error: Call to undefined method WP_Post::get_id() in C:\laragon\www\drop\wp-content\plugins\divi-bodycommerce\includes\modules\et_pb_db_shop_thumbnail\et_pb_db_shop_thumbnail.php:204
Stack trace:
#0 C:\laragon\www\drop\wp-content\themes\Divi\includes\builder\functions.php(1619): db_shop_thumbnail_code::get_thumbnail(Array, Array, Array)
#1 C:\laragon\www\drop\wp-includes\class-wp-hook.php(287): et_pb_process_computed_property('')
#2 C:\laragon\www\drop\wp-includes\class-wp-hook.php(311): WP_Hook->apply_filters('', Array)
#3 C:\laragon\www\drop\wp-includes\plugin.php(478): WP_Hook->do_action(Array)
#4 C:\laragon\www\drop\wp-admin\admin-ajax.php(176): do_action('wp_ajax_et_pb_p...')
#5 {main}
  thrown en C:\laragon\www\drop\wp-content\plugins\divi-bodycommerce\includes\modules\et_pb_db_shop_thumbnail\et_pb_db_shop_thumbnail.php en la línea 204

